2017-05-24 14:39:20 ** Zusammenfassung der Sprachinstallation
Starte Spracheninstallation von de-DE
Sprache erfolgreich de-DE installiert
Text Eigenschaftsgruppen kopiert
Text Filtergruppen kopiert
Text Auftragsstatus kopiert
Text Optionen kopiert
Retourenaktion kopiert
Retourengründe kopiert
Retourenstatusse kopiert
Lagerstandsmeldungen kopiert
Text Gutscheinthemen kopiert
Beschreibung Kategorien kopiert
Beschreibung Produkte kopiert
Beschreibung Texte kopiert
Text Kundengruppen kopiert
Text Längeneinheiten kopiert
Text Optionswerte kopiert
Text Gewichtseinheiten kopiert
*** ENTFERNE Verzeichnisse und Dateien welche für diese Version [2.3.0.2] nicht benötigt werden ***
F [/var/www/liquid2/admin/language/de-DE/common/menu.php]
F [/var/www/liquid2/admin/language/de-DE/common/stats.php]
F [/var/www/liquid2/admin/language/de-DE/extension/analytics.php]
F [/var/www/liquid2/admin/language/de-DE/extension/captcha.php]
F [/var/www/liquid2/admin/language/de-DE/extension/feed.php]
F [/var/www/liquid2/admin/language/de-DE/extension/fraud.php]
F [/var/www/liquid2/admin/language/de-DE/extension/module.php]
F [/var/www/liquid2/admin/language/de-DE/extension/payment.php]
F [/var/www/liquid2/admin/language/de-DE/extension/shipping.php]
F [/var/www/liquid2/admin/language/de-DE/extension/theme.php]
F [/var/www/liquid2/admin/language/de-DE/extension/total.php]
F [/var/www/liquid2/admin/language/de-DE/sale/custom_field.php]
F [/var/www/liquid2/admin/language/de-DE/sale/customer.php]
F [/var/www/liquid2/admin/language/de-DE/sale/customer_ban_ip.php]
F [/var/www/liquid2/admin/language/de-DE/sale/customer_group.php]
F [/var/www/liquid2/admin/language/de-DE/tool/error_log.php]
F [/var/www/liquid2/catalog/language/de-DE/checkout/coupon.php]
F [/var/www/liquid2/catalog/language/de-DE/checkout/reward.php]
F [/var/www/liquid2/catalog/language/de-DE/checkout/shipping.php]
F [/var/www/liquid2/catalog/language/de-DE/checkout/voucher.php]
F [/var/www/liquid2/admin/language/de-DE/analytics/google_analytics.php]
** D [/var/www/liquid2/admin/language/de-DE/analytics/]
F [/var/www/liquid2/admin/language/de-DE/captcha/basic_captcha.php]
F [/var/www/liquid2/admin/language/de-DE/captcha/google_captcha.php]
** D [/var/www/liquid2/admin/language/de-DE/captcha/]
F [/var/www/liquid2/admin/language/de-DE/dashboard/activity.php]
F [/var/www/liquid2/admin/language/de-DE/dashboard/chart.php]
F [/var/www/liquid2/admin/language/de-DE/dashboard/customer.php]
F [/var/www/liquid2/admin/language/de-DE/dashboard/map.php]
F [/var/www/liquid2/admin/language/de-DE/dashboard/online.php]
F [/var/www/liquid2/admin/language/de-DE/dashboard/order.php]
F [/var/www/liquid2/admin/language/de-DE/dashboard/recent.php]
F [/var/www/liquid2/admin/language/de-DE/dashboard/sale.php]
** D [/var/www/liquid2/admin/language/de-DE/dashboard/]
F [/var/www/liquid2/admin/language/de-DE/feed/google_base.php]
F [/var/www/liquid2/admin/language/de-DE/feed/google_sitemap.php]
F [/var/www/liquid2/admin/language/de-DE/feed/index.html]
F [/var/www/liquid2/admin/language/de-DE/feed/openbaypro.php]
** D [/var/www/liquid2/admin/language/de-DE/feed/]
F [/var/www/liquid2/admin/language/de-DE/fraud/fraudlabspro.php]
F [/var/www/liquid2/admin/language/de-DE/fraud/ip.php]
F [/var/www/liquid2/admin/language/de-DE/fraud/maxmind.php]
** D [/var/www/liquid2/admin/language/de-DE/fraud/]
F [/var/www/liquid2/admin/language/de-DE/module/account.php]
F [/var/www/liquid2/admin/language/de-DE/module/affiliate.php]
F [/var/www/liquid2/admin/language/de-DE/module/amazon_button.php]
F [/var/www/liquid2/admin/language/de-DE/module/amazon_login.php]
F [/var/www/liquid2/admin/language/de-DE/module/amazon_pay.php]
F [/var/www/liquid2/admin/language/de-DE/module/banner.php]
F [/var/www/liquid2/admin/language/de-DE/module/bestseller.php]
F [/var/www/liquid2/admin/language/de-DE/module/carousel.php]
F [/var/www/liquid2/admin/language/de-DE/module/category.php]
F [/var/www/liquid2/admin/language/de-DE/module/ebay_listing.php]
F [/var/www/liquid2/admin/language/de-DE/module/featured.php]
F [/var/www/liquid2/admin/language/de-DE/module/filter.php]
F [/var/www/liquid2/admin/language/de-DE/module/google_hangouts.php]
F [/var/www/liquid2/admin/language/de-DE/module/html.php]
F [/var/www/liquid2/admin/language/de-DE/module/index.html]
F [/var/www/liquid2/admin/language/de-DE/module/information.php]
F [/var/www/liquid2/admin/language/de-DE/module/latest.php]
F [/var/www/liquid2/admin/language/de-DE/module/laybuy_layout.php]
F [/var/www/liquid2/admin/language/de-DE/module/pp_button.php]
F [/var/www/liquid2/admin/language/de-DE/module/pp_login.php]
F [/var/www/liquid2/admin/language/de-DE/module/sagepay_direct_cards.php]
F [/var/www/liquid2/admin/language/de-DE/module/sagepay_server_cards.php]
F [/var/www/liquid2/admin/language/de-DE/module/slideshow.php]
F [/var/www/liquid2/admin/language/de-DE/module/special.php]
F [/var/www/liquid2/admin/language/de-DE/module/store.php]
** D [/var/www/liquid2/admin/language/de-DE/module/]
F [/var/www/liquid2/admin/language/de-DE/openbay/amazon.php]
F [/var/www/liquid2/admin/language/de-DE/openbay/amazon_bulk_linking.php]
F [/var/www/liquid2/admin/language/de-DE/openbay/amazon_bulk_listing.php]
F [/var/www/liquid2/admin/language/de-DE/openbay/amazon_links.php]
F [/var/www/liquid2/admin/language/de-DE/openbay/amazon_listing.php]
F [/var/www/liquid2/admin/language/de-DE/openbay/amazon_listingsaved.php]
F [/var/www/liquid2/admin/language/de-DE/openbay/amazon_settings.php]
F [/var/www/liquid2/admin/language/de-DE/openbay/amazon_stockupdates.php]
F [/var/www/liquid2/admin/language/de-DE/openbay/amazon_subscription.php]
F [/var/www/liquid2/admin/language/de-DE/openbay/amazonus.php]
F [/var/www/liquid2/admin/language/de-DE/openbay/amazonus_bulk_linking.php]
F [/var/www/liquid2/admin/language/de-DE/openbay/amazonus_bulk_listing.php]
F [/var/www/liquid2/admin/language/de-DE/openbay/amazonus_links.php]
F [/var/www/liquid2/admin/language/de-DE/openbay/amazonus_listing.php]
F [/var/www/liquid2/admin/language/de-DE/openbay/amazonus_listingsaved.php]
F [/var/www/liquid2/admin/language/de-DE/openbay/amazonus_settings.php]
F [/var/www/liquid2/admin/language/de-DE/openbay/amazonus_stockupdates.php]
F [/var/www/liquid2/admin/language/de-DE/openbay/amazonus_subscription.php]
F [/var/www/liquid2/admin/language/de-DE/openbay/ebay.php]
F [/var/www/liquid2/admin/language/de-DE/openbay/ebay_edit.php]
F [/var/www/liquid2/admin/language/de-DE/openbay/ebay_import.php]
F [/var/www/liquid2/admin/language/de-DE/openbay/ebay_links.php]
F [/var/www/liquid2/admin/language/de-DE/openbay/ebay_new.php]
F [/var/www/liquid2/admin/language/de-DE/openbay/ebay_newbulk.php]
F [/var/www/liquid2/admin/language/de-DE/openbay/ebay_orders.php]
F [/var/www/liquid2/admin/language/de-DE/openbay/ebay_profile.php]
F [/var/www/liquid2/admin/language/de-DE/openbay/ebay_settings.php]
F [/var/www/liquid2/admin/language/de-DE/openbay/ebay_subscription.php]
F [/var/www/liquid2/admin/language/de-DE/openbay/ebay_summary.php]
F [/var/www/liquid2/admin/language/de-DE/openbay/ebay_syncronise.php]
F [/var/www/liquid2/admin/language/de-DE/openbay/ebay_template.php]
F [/var/www/liquid2/admin/language/de-DE/openbay/ebay_usage.php]
F [/var/www/liquid2/admin/language/de-DE/openbay/etsy.php]
F [/var/www/liquid2/admin/language/de-DE/openbay/etsy_create.php]
F [/var/www/liquid2/admin/language/de-DE/openbay/etsy_edit.php]
F [/var/www/liquid2/admin/language/de-DE/openbay/etsy_links.php]
F [/var/www/liquid2/admin/language/de-DE/openbay/etsy_listings.php]
F [/var/www/liquid2/admin/language/de-DE/openbay/etsy_settings.php]
F [/var/www/liquid2/admin/language/de-DE/openbay/fba.php]
F [/var/www/liquid2/admin/language/de-DE/openbay/fba_fulfillment.php]
F [/var/www/liquid2/admin/language/de-DE/openbay/fba_fulfillment_list.php]
F [/var/www/liquid2/admin/language/de-DE/openbay/fba_order.php]
F [/var/www/liquid2/admin/language/de-DE/openbay/fba_settings.php]
F [/var/www/liquid2/admin/language/de-DE/openbay/openbay_itemlist.php]
F [/var/www/liquid2/admin/language/de-DE/openbay/openbay_menu.php]
F [/var/www/liquid2/admin/language/de-DE/openbay/openbay_order.php]
** D [/var/www/liquid2/admin/language/de-DE/openbay/]
F [/var/www/liquid2/admin/language/de-DE/payment/amazon_checkout.php]
F [/var/www/liquid2/admin/language/de-DE/payment/amazon_login_pay.php]
F [/var/www/liquid2/admin/language/de-DE/payment/authorizenet_aim.php]
F [/var/www/liquid2/admin/language/de-DE/payment/authorizenet_sim.php]
F [/var/www/liquid2/admin/language/de-DE/payment/bank_transfer.php]
F [/var/www/liquid2/admin/language/de-DE/payment/bluepay_hosted.php]
F [/var/www/liquid2/admin/language/de-DE/payment/bluepay_redirect.php]
F [/var/www/liquid2/admin/language/de-DE/payment/cardconnect.php]
F [/var/www/liquid2/admin/language/de-DE/payment/cardinity.php]
F [/var/www/liquid2/admin/language/de-DE/payment/cheque.php]
F [/var/www/liquid2/admin/language/de-DE/payment/cod.php]
F [/var/www/liquid2/admin/language/de-DE/payment/eway.php]
F [/var/www/liquid2/admin/language/de-DE/payment/firstdata.php]
F [/var/www/liquid2/admin/language/de-DE/payment/firstdata_remote.php]
F [/var/www/liquid2/admin/language/de-DE/payment/free_checkout.php]
F [/var/www/liquid2/admin/language/de-DE/payment/g2apay.php]
F [/var/www/liquid2/admin/language/de-DE/payment/globalpay.php]
F [/var/www/liquid2/admin/language/de-DE/payment/globalpay_remote.php]
F [/var/www/liquid2/admin/language/de-DE/payment/index.html]
F [/var/www/liquid2/admin/language/de-DE/payment/klarna_account.php]
F [/var/www/liquid2/admin/language/de-DE/payment/klarna_invoice.php]
F [/var/www/liquid2/admin/language/de-DE/payment/laybuy.php]
F [/var/www/liquid2/admin/language/de-DE/payment/liqpay.php]
F [/var/www/liquid2/admin/language/de-DE/payment/nochex.php]
F [/var/www/liquid2/admin/language/de-DE/payment/paymate.php]
F [/var/www/liquid2/admin/language/de-DE/payment/paypoint.php]
F [/var/www/liquid2/admin/language/de-DE/payment/payza.php]
F [/var/www/liquid2/admin/language/de-DE/payment/perpetual_payments.php]
F [/var/www/liquid2/admin/language/de-DE/payment/pp_express.php]
F [/var/www/liquid2/admin/language/de-DE/payment/pp_express_order.php]
F [/var/www/liquid2/admin/language/de-DE/payment/pp_express_refund.php]
F [/var/www/liquid2/admin/language/de-DE/payment/pp_express_search.php]
F [/var/www/liquid2/admin/language/de-DE/payment/pp_express_view.php]
F [/var/www/liquid2/admin/language/de-DE/payment/pp_payflow.php]
F [/var/www/liquid2/admin/language/de-DE/payment/pp_payflow_iframe.php]
F [/var/www/liquid2/admin/language/de-DE/payment/pp_pro.php]
F [/var/www/liquid2/admin/language/de-DE/payment/pp_pro_iframe.php]
F [/var/www/liquid2/admin/language/de-DE/payment/pp_standard.php]
F [/var/www/liquid2/admin/language/de-DE/payment/realex.php]
F [/var/www/liquid2/admin/language/de-DE/payment/realex_remote.php]
F [/var/www/liquid2/admin/language/de-DE/payment/sagepay_direct.php]
F [/var/www/liquid2/admin/language/de-DE/payment/sagepay_server.php]
F [/var/www/liquid2/admin/language/de-DE/payment/sagepay_us.php]
F [/var/www/liquid2/admin/language/de-DE/payment/securetrading_pp.php]
F [/var/www/liquid2/admin/language/de-DE/payment/securetrading_ws.php]
F [/var/www/liquid2/admin/language/de-DE/payment/skrill.php]
F [/var/www/liquid2/admin/language/de-DE/payment/twocheckout.php]
F [/var/www/liquid2/admin/language/de-DE/payment/web_payment_software.php]
F [/var/www/liquid2/admin/language/de-DE/payment/worldpay.php]
** D [/var/www/liquid2/admin/language/de-DE/payment/]
F [/var/www/liquid2/admin/language/de-DE/shipping/auspost.php]
F [/var/www/liquid2/admin/language/de-DE/shipping/citylink.php]
F [/var/www/liquid2/admin/language/de-DE/shipping/fedex.php]
F [/var/www/liquid2/admin/language/de-DE/shipping/flat.php]
F [/var/www/liquid2/admin/language/de-DE/shipping/free.php]
F [/var/www/liquid2/admin/language/de-DE/shipping/index.html]
F [/var/www/liquid2/admin/language/de-DE/shipping/item.php]
F [/var/www/liquid2/admin/language/de-DE/shipping/parcelforce_48.php]
F [/var/www/liquid2/admin/language/de-DE/shipping/pickup.php]
F [/var/www/liquid2/admin/language/de-DE/shipping/royal_mail.php]
F [/var/www/liquid2/admin/language/de-DE/shipping/ups.php]
F [/var/www/liquid2/admin/language/de-DE/shipping/usps.php]
F [/var/www/liquid2/admin/language/de-DE/shipping/weight.php]
** D [/var/www/liquid2/admin/language/de-DE/shipping/]
F [/var/www/liquid2/admin/language/de-DE/theme/theme_default.php]
** D [/var/www/liquid2/admin/language/de-DE/theme/]
F [/var/www/liquid2/admin/language/de-DE/total/coupon.php]
F [/var/www/liquid2/admin/language/de-DE/total/credit.php]
F [/var/www/liquid2/admin/language/de-DE/total/handling.php]
F [/var/www/liquid2/admin/language/de-DE/total/index.html]
F [/var/www/liquid2/admin/language/de-DE/total/klarna_fee.php]
F [/var/www/liquid2/admin/language/de-DE/total/low_order_fee.php]
F [/var/www/liquid2/admin/language/de-DE/total/reward.php]
F [/var/www/liquid2/admin/language/de-DE/total/shipping.php]
F [/var/www/liquid2/admin/language/de-DE/total/sub_total.php]
F [/var/www/liquid2/admin/language/de-DE/total/tax.php]
F [/var/www/liquid2/admin/language/de-DE/total/total.php]
F [/var/www/liquid2/admin/language/de-DE/total/voucher.php]
** D [/var/www/liquid2/admin/language/de-DE/total/]
F [/var/www/liquid2/catalog/language/de-DE/captcha/basic_captcha.php]
F [/var/www/liquid2/catalog/language/de-DE/captcha/google_captcha.php]
** D [/var/www/liquid2/catalog/language/de-DE/captcha/]
F [/var/www/liquid2/catalog/language/de-DE/credit_card/sagepay_direct.php]
F [/var/www/liquid2/catalog/language/de-DE/credit_card/sagepay_server.php]
** D [/var/www/liquid2/catalog/language/de-DE/credit_card/]
F [/var/www/liquid2/catalog/language/de-DE/module/account.php]
F [/var/www/liquid2/catalog/language/de-DE/module/affiliate.php]
F [/var/www/liquid2/catalog/language/de-DE/module/bestseller.php]
F [/var/www/liquid2/catalog/language/de-DE/module/category.php]
F [/var/www/liquid2/catalog/language/de-DE/module/ebay_listing.php]
F [/var/www/liquid2/catalog/language/de-DE/module/featured.php]
F [/var/www/liquid2/catalog/language/de-DE/module/filter.php]
F [/var/www/liquid2/catalog/language/de-DE/module/google_hangouts.php]
F [/var/www/liquid2/catalog/language/de-DE/module/index.html]
F [/var/www/liquid2/catalog/language/de-DE/module/information.php]
F [/var/www/liquid2/catalog/language/de-DE/module/latest.php]
F [/var/www/liquid2/catalog/language/de-DE/module/laybuy_layout.php]
F [/var/www/liquid2/catalog/language/de-DE/module/special.php]
F [/var/www/liquid2/catalog/language/de-DE/module/store.php]
** D [/var/www/liquid2/catalog/language/de-DE/module/]
F [/var/www/liquid2/catalog/language/de-DE/openbay/amazon_order.php]
F [/var/www/liquid2/catalog/language/de-DE/openbay/amazonus_order.php]
F [/var/www/liquid2/catalog/language/de-DE/openbay/ebay_order.php]
F [/var/www/liquid2/catalog/language/de-DE/openbay/etsy_order.php]
** D [/var/www/liquid2/catalog/language/de-DE/openbay/]
F [/var/www/liquid2/catalog/language/de-DE/payment/amazon_checkout.php]
F [/var/www/liquid2/catalog/language/de-DE/payment/amazon_login_pay.php]
F [/var/www/liquid2/catalog/language/de-DE/payment/authorizenet_aim.php]
F [/var/www/liquid2/catalog/language/de-DE/payment/authorizenet_sim.php]
F [/var/www/liquid2/catalog/language/de-DE/payment/bank_transfer.php]
F [/var/www/liquid2/catalog/language/de-DE/payment/bluepay_hosted.php]
F [/var/www/liquid2/catalog/language/de-DE/payment/bluepay_redirect.php]
F [/var/www/liquid2/catalog/language/de-DE/payment/cardinity.php]
F [/var/www/liquid2/catalog/language/de-DE/payment/cheque.php]
F [/var/www/liquid2/catalog/language/de-DE/payment/cod.php]
F [/var/www/liquid2/catalog/language/de-DE/payment/eway.php]
F [/var/www/liquid2/catalog/language/de-DE/payment/firstdata.php]
F [/var/www/liquid2/catalog/language/de-DE/payment/firstdata_remote.php]
F [/var/www/liquid2/catalog/language/de-DE/payment/free_checkout.php]
F [/var/www/liquid2/catalog/language/de-DE/payment/g2apay.php]
F [/var/www/liquid2/catalog/language/de-DE/payment/globalpay.php]
F [/var/www/liquid2/catalog/language/de-DE/payment/globalpay_remote.php]
F [/var/www/liquid2/catalog/language/de-DE/payment/index.html]
F [/var/www/liquid2/catalog/language/de-DE/payment/klarna_account.php]
F [/var/www/liquid2/catalog/language/de-DE/payment/klarna_invoice.php]
F [/var/www/liquid2/catalog/language/de-DE/payment/laybuy.php]
F [/var/www/liquid2/catalog/language/de-DE/payment/liqpay.php]
F [/var/www/liquid2/catalog/language/de-DE/payment/nochex.php]
F [/var/www/liquid2/catalog/language/de-DE/payment/paymate.php]
F [/var/www/liquid2/catalog/language/de-DE/payment/paypoint.php]
F [/var/www/liquid2/catalog/language/de-DE/payment/payza.php]
F [/var/www/liquid2/catalog/language/de-DE/payment/perpetual_payments.php]
F [/var/www/liquid2/catalog/language/de-DE/payment/pp_express.php]
F [/var/www/liquid2/catalog/language/de-DE/payment/pp_payflow.php]
F [/var/www/liquid2/catalog/language/de-DE/payment/pp_payflow_iframe.php]
F [/var/www/liquid2/catalog/language/de-DE/payment/pp_pro.php]
F [/var/www/liquid2/catalog/language/de-DE/payment/pp_pro_iframe.php]
F [/var/www/liquid2/catalog/language/de-DE/payment/pp_standard.php]
F [/var/www/liquid2/catalog/language/de-DE/payment/realex.php]
F [/var/www/liquid2/catalog/language/de-DE/payment/realex_remote.php]
F [/var/www/liquid2/catalog/language/de-DE/payment/sagepay_direct.php]
F [/var/www/liquid2/catalog/language/de-DE/payment/sagepay_server.php]
F [/var/www/liquid2/catalog/language/de-DE/payment/sagepay_us.php]
F [/var/www/liquid2/catalog/language/de-DE/payment/securetrading_pp.php]
F [/var/www/liquid2/catalog/language/de-DE/payment/securetrading_ws.php]
F [/var/www/liquid2/catalog/language/de-DE/payment/skrill.php]
F [/var/www/liquid2/catalog/language/de-DE/payment/twocheckout.php]
F [/var/www/liquid2/catalog/language/de-DE/payment/web_payment_software.php]
F [/var/www/liquid2/catalog/language/de-DE/payment/worldpay.php]
** D [/var/www/liquid2/catalog/language/de-DE/payment/]
F [/var/www/liquid2/catalog/language/de-DE/shipping/auspost.php]
F [/var/www/liquid2/catalog/language/de-DE/shipping/citylink.php]
F [/var/www/liquid2/catalog/language/de-DE/shipping/fedex.php]
F [/var/www/liquid2/catalog/language/de-DE/shipping/flat.php]
F [/var/www/liquid2/catalog/language/de-DE/shipping/free.php]
F [/var/www/liquid2/catalog/language/de-DE/shipping/index.html]
F [/var/www/liquid2/catalog/language/de-DE/shipping/item.php]
F [/var/www/liquid2/catalog/language/de-DE/shipping/parcelforce_48.php]
F [/var/www/liquid2/catalog/language/de-DE/shipping/pickup.php]
F [/var/www/liquid2/catalog/language/de-DE/shipping/royal_mail.php]
F [/var/www/liquid2/catalog/language/de-DE/shipping/ups.php]
F [/var/www/liquid2/catalog/language/de-DE/shipping/usps.php]
F [/var/www/liquid2/catalog/language/de-DE/shipping/weight.php]
** D [/var/www/liquid2/catalog/language/de-DE/shipping/]
F [/var/www/liquid2/catalog/language/de-DE/total/coupon.php]
F [/var/www/liquid2/catalog/language/de-DE/total/credit.php]
F [/var/www/liquid2/catalog/language/de-DE/total/handling.php]
F [/var/www/liquid2/catalog/language/de-DE/total/index.html]
F [/var/www/liquid2/catalog/language/de-DE/total/klarna_fee.php]
F [/var/www/liquid2/catalog/language/de-DE/total/low_order_fee.php]
F [/var/www/liquid2/catalog/language/de-DE/total/reward.php]
F [/var/www/liquid2/catalog/language/de-DE/total/shipping.php]
F [/var/www/liquid2/catalog/language/de-DE/total/sub_total.php]
F [/var/www/liquid2/catalog/language/de-DE/total/total.php]
F [/var/www/liquid2/catalog/language/de-DE/total/voucher.php]
** D [/var/www/liquid2/catalog/language/de-DE/total/]