2017-05-24 14:37:46 - MOD: Modification Default

FILE: system/engine/action.php
REGEX: ~(require|include)(_once)?\(([^)]+)~
LINE: 41

FILE: system/engine/loader.php
REGEX: ~(require|include)(_once)?\(([^)]+)~
LINE: 49
LINE: 108
LINE: 120
LINE: 165

FILE: system/library/config.php
REGEX: ~(require|include)(_once)?\(([^)]+)~
LINE: 23

FILE: system/library/language.php
REGEX: ~(require|include)(_once)?\(([^)]+)~
LINE: 38
LINE: 40
LINE: 49
LINE: 51
LINE: 60
LINE: 62

FILE: system/library/template/php.php
REGEX: ~(require|include)(_once)?\(([^)]+)~
LINE: 18

FILE: system/library/template/tiwg.php
REGEX: ~(require|include)(_once)?\(([^)]+)~
LINE: 24
----------------------------------------------------------------
MOD: Local copy OCMOD by iSenseLabs

FILE: admin/controller/extension/installer.php
CODE: 'url'  => str_replace('&amp;', '&', $this->url->link('extension/installer/ftp', 'token=' . $this->session->data['token'],
LINE: 131
CODE: public function unzip() {
LINE: 292
----------------------------------------------------------------
2017-05-24 14:39:44 - MOD: Modification Default

FILE: system/engine/action.php
REGEX: ~(require|include)(_once)?\(([^)]+)~
LINE: 41

FILE: system/engine/loader.php
REGEX: ~(require|include)(_once)?\(([^)]+)~
LINE: 49
LINE: 108
LINE: 120
LINE: 165

FILE: system/library/config.php
REGEX: ~(require|include)(_once)?\(([^)]+)~
LINE: 23

FILE: system/library/language.php
REGEX: ~(require|include)(_once)?\(([^)]+)~
LINE: 38
LINE: 40
LINE: 49
LINE: 51
LINE: 60
LINE: 62

FILE: system/library/template/php.php
REGEX: ~(require|include)(_once)?\(([^)]+)~
LINE: 18

FILE: system/library/template/tiwg.php
REGEX: ~(require|include)(_once)?\(([^)]+)~
LINE: 24
----------------------------------------------------------------
MOD: Local copy OCMOD by iSenseLabs

FILE: admin/controller/extension/installer.php
CODE: 'url'  => str_replace('&amp;', '&', $this->url->link('extension/installer/ftp', 'token=' . $this->session->data['token'],
LINE: 131
CODE: public function unzip() {
LINE: 292
----------------------------------------------------------------
MOD: OSWorX - German Translation / Dt. Übersetzung
----------------------------------------------------------------
2017-05-24 14:41:09 - MOD: Modification Default

FILE: system/engine/action.php
REGEX: ~(require|include)(_once)?\(([^)]+)~
LINE: 41

FILE: system/engine/loader.php
REGEX: ~(require|include)(_once)?\(([^)]+)~
LINE: 49
LINE: 108
LINE: 120
LINE: 165

FILE: system/library/config.php
REGEX: ~(require|include)(_once)?\(([^)]+)~
LINE: 23

FILE: system/library/language.php
REGEX: ~(require|include)(_once)?\(([^)]+)~
LINE: 38
LINE: 40
LINE: 49
LINE: 51
LINE: 60
LINE: 62

FILE: system/library/template/php.php
REGEX: ~(require|include)(_once)?\(([^)]+)~
LINE: 18

FILE: system/library/template/tiwg.php
REGEX: ~(require|include)(_once)?\(([^)]+)~
LINE: 24
----------------------------------------------------------------
MOD: Local copy OCMOD by iSenseLabs

FILE: admin/controller/extension/installer.php
CODE: 'url'  => str_replace('&amp;', '&', $this->url->link('extension/installer/ftp', 'token=' . $this->session->data['token'],
LINE: 131
CODE: public function unzip() {
LINE: 292
----------------------------------------------------------------
MOD: OSWorX - German Translation / Dt. Übersetzung
----------------------------------------------------------------
2017-05-24 14:41:19 - MOD: Modification Default

FILE: system/engine/action.php
REGEX: ~(require|include)(_once)?\(([^)]+)~
LINE: 41

FILE: system/engine/loader.php
REGEX: ~(require|include)(_once)?\(([^)]+)~
LINE: 49
LINE: 108
LINE: 120
LINE: 165

FILE: system/library/config.php
REGEX: ~(require|include)(_once)?\(([^)]+)~
LINE: 23

FILE: system/library/language.php
REGEX: ~(require|include)(_once)?\(([^)]+)~
LINE: 38
LINE: 40
LINE: 49
LINE: 51
LINE: 60
LINE: 62

FILE: system/library/template/php.php
REGEX: ~(require|include)(_once)?\(([^)]+)~
LINE: 18

FILE: system/library/template/tiwg.php
REGEX: ~(require|include)(_once)?\(([^)]+)~
LINE: 24
----------------------------------------------------------------
MOD: Local copy OCMOD by iSenseLabs

FILE: admin/controller/extension/installer.php
CODE: 'url'  => str_replace('&amp;', '&', $this->url->link('extension/installer/ftp', 'token=' . $this->session->data['token'],
LINE: 131
CODE: public function unzip() {
LINE: 292
----------------------------------------------------------------
MOD: OSWorX - German Translation / Dt. Übersetzung
----------------------------------------------------------------
2017-05-24 14:44:39 - MOD: Modification Default

FILE: system/engine/action.php
REGEX: ~(require|include)(_once)?\(([^)]+)~
LINE: 41

FILE: system/engine/loader.php
REGEX: ~(require|include)(_once)?\(([^)]+)~
LINE: 49
LINE: 108
LINE: 120
LINE: 165

FILE: system/library/config.php
REGEX: ~(require|include)(_once)?\(([^)]+)~
LINE: 23

FILE: system/library/language.php
REGEX: ~(require|include)(_once)?\(([^)]+)~
LINE: 38
LINE: 40
LINE: 49
LINE: 51
LINE: 60
LINE: 62

FILE: system/library/template/php.php
REGEX: ~(require|include)(_once)?\(([^)]+)~
LINE: 18

FILE: system/library/template/tiwg.php
REGEX: ~(require|include)(_once)?\(([^)]+)~
LINE: 24
----------------------------------------------------------------
MOD: Local copy OCMOD by iSenseLabs

FILE: admin/controller/extension/installer.php
CODE: 'url'  => str_replace('&amp;', '&', $this->url->link('extension/installer/ftp', 'token=' . $this->session->data['token'],
LINE: 131
CODE: public function unzip() {
LINE: 292
----------------------------------------------------------------
MOD: OSWorX - German Translation / Dt. Übersetzung
----------------------------------------------------------------
2017-05-24 14:59:42 - MOD: Modification Default

FILE: system/engine/action.php
REGEX: ~(require|include)(_once)?\(([^)]+)~
LINE: 41

FILE: system/engine/loader.php
REGEX: ~(require|include)(_once)?\(([^)]+)~
LINE: 49
LINE: 108
LINE: 120
LINE: 165

FILE: system/library/config.php
REGEX: ~(require|include)(_once)?\(([^)]+)~
LINE: 23

FILE: system/library/language.php
REGEX: ~(require|include)(_once)?\(([^)]+)~
LINE: 38
LINE: 40
LINE: 49
LINE: 51
LINE: 60
LINE: 62

FILE: system/library/template/php.php
REGEX: ~(require|include)(_once)?\(([^)]+)~
LINE: 18

FILE: system/library/template/tiwg.php
REGEX: ~(require|include)(_once)?\(([^)]+)~
LINE: 24
----------------------------------------------------------------
MOD: Enable-Disable Products

FILE: admin/view/template/catalog/product_list.tpl
CODE: <div class="pull-right">
LINE: 4
CODE: <?php echo $button_filter; ?></button>
LINE: 107
CODE: <?php echo $footer; ?>
LINE: 309

FILE: admin/controller/catalog/product.php
CODE: $data['delete'] = $this->url->link('catalog/product/delete', 'token=' . $this->session->data['token'] . $url, 'SSL');
NOT FOUND - OPERATION SKIPPED!
CODE: $data['delete'] = $this->url->link('catalog/product/delete', 'token=' . $this->session->data['token'] . $url, true);
LINE: 341
CODE: $data['button_delete'] = $this->language->get('button_delete');
LINE: 433
CODE: public function delete() {
LINE: 357

FILE: admin/model/catalog/product.php
CODE: public function getProduct($product_id) {
LINE: 359

FILE: admin/language/ru-ru/catalog/product.php
CODE: <?php
LINE: 8

FILE: admin/language/en-gb/catalog/product.php
CODE: <?php
LINE: 8
----------------------------------------------------------------
MOD: Local copy OCMOD by iSenseLabs

FILE: admin/controller/extension/installer.php
CODE: 'url'  => str_replace('&amp;', '&', $this->url->link('extension/installer/ftp', 'token=' . $this->session->data['token'],
LINE: 131
CODE: public function unzip() {
LINE: 292
----------------------------------------------------------------
MOD: OSWorX - German Translation / Dt. Übersetzung
----------------------------------------------------------------
2017-05-24 15:03:23 - MOD: Modification Default

FILE: system/engine/action.php
REGEX: ~(require|include)(_once)?\(([^)]+)~
LINE: 41

FILE: system/engine/loader.php
REGEX: ~(require|include)(_once)?\(([^)]+)~
LINE: 49
LINE: 108
LINE: 120
LINE: 165

FILE: system/library/config.php
REGEX: ~(require|include)(_once)?\(([^)]+)~
LINE: 23

FILE: system/library/language.php
REGEX: ~(require|include)(_once)?\(([^)]+)~
LINE: 38
LINE: 40
LINE: 49
LINE: 51
LINE: 60
LINE: 62

FILE: system/library/template/php.php
REGEX: ~(require|include)(_once)?\(([^)]+)~
LINE: 18

FILE: system/library/template/tiwg.php
REGEX: ~(require|include)(_once)?\(([^)]+)~
LINE: 24
----------------------------------------------------------------
MOD: <font color="#15C403"><b>Age Verify On startpage</font>

FILE: catalog/view/theme/default/template/common/footer.tpl
CODE: </body>
LINE: 57
----------------------------------------------------------------
MOD: Enable-Disable Products

FILE: admin/view/template/catalog/product_list.tpl
CODE: <div class="pull-right">
LINE: 4
CODE: <?php echo $button_filter; ?></button>
LINE: 107
CODE: <?php echo $footer; ?>
LINE: 309

FILE: admin/controller/catalog/product.php
CODE: $data['delete'] = $this->url->link('catalog/product/delete', 'token=' . $this->session->data['token'] . $url, 'SSL');
NOT FOUND - OPERATION SKIPPED!
CODE: $data['delete'] = $this->url->link('catalog/product/delete', 'token=' . $this->session->data['token'] . $url, true);
LINE: 341
CODE: $data['button_delete'] = $this->language->get('button_delete');
LINE: 433
CODE: public function delete() {
LINE: 357

FILE: admin/model/catalog/product.php
CODE: public function getProduct($product_id) {
LINE: 359

FILE: admin/language/ru-ru/catalog/product.php
CODE: <?php
LINE: 8

FILE: admin/language/en-gb/catalog/product.php
CODE: <?php
LINE: 8
----------------------------------------------------------------
MOD: Local copy OCMOD by iSenseLabs

FILE: admin/controller/extension/installer.php
CODE: 'url'  => str_replace('&amp;', '&', $this->url->link('extension/installer/ftp', 'token=' . $this->session->data['token'],
LINE: 131
CODE: public function unzip() {
LINE: 292
----------------------------------------------------------------
MOD: OSWorX - German Translation / Dt. Übersetzung
----------------------------------------------------------------
2017-05-24 15:14:19 - MOD: Modification Default

FILE: system/engine/action.php
REGEX: ~(require|include)(_once)?\(([^)]+)~
LINE: 41

FILE: system/engine/loader.php
REGEX: ~(require|include)(_once)?\(([^)]+)~
LINE: 49
LINE: 108
LINE: 120
LINE: 165

FILE: system/library/config.php
REGEX: ~(require|include)(_once)?\(([^)]+)~
LINE: 23

FILE: system/library/language.php
REGEX: ~(require|include)(_once)?\(([^)]+)~
LINE: 38
LINE: 40
LINE: 49
LINE: 51
LINE: 60
LINE: 62

FILE: system/library/template/php.php
REGEX: ~(require|include)(_once)?\(([^)]+)~
LINE: 18

FILE: system/library/template/tiwg.php
REGEX: ~(require|include)(_once)?\(([^)]+)~
LINE: 24
----------------------------------------------------------------
MOD: <font color="#15C403"><b>Age Verify On startpage</font>

FILE: catalog/view/theme/default/template/common/footer.tpl
CODE: </body>
LINE: 57
----------------------------------------------------------------
MOD: Enable-Disable Products

FILE: admin/view/template/catalog/product_list.tpl
CODE: <div class="pull-right">
LINE: 4
CODE: <?php echo $button_filter; ?></button>
LINE: 107
CODE: <?php echo $footer; ?>
LINE: 309

FILE: admin/controller/catalog/product.php
CODE: $data['delete'] = $this->url->link('catalog/product/delete', 'token=' . $this->session->data['token'] . $url, 'SSL');
NOT FOUND - OPERATION SKIPPED!
CODE: $data['delete'] = $this->url->link('catalog/product/delete', 'token=' . $this->session->data['token'] . $url, true);
LINE: 341
CODE: $data['button_delete'] = $this->language->get('button_delete');
LINE: 433
CODE: public function delete() {
LINE: 357

FILE: admin/model/catalog/product.php
CODE: public function getProduct($product_id) {
LINE: 359

FILE: admin/language/ru-ru/catalog/product.php
CODE: <?php
LINE: 8

FILE: admin/language/en-gb/catalog/product.php
CODE: <?php
LINE: 8
----------------------------------------------------------------
MOD: Export/Import Tool (V3.11) for OpenCart 2.x

FILE: admin/controller/common/column_left.php
CODE: if ($this->user->hasPermission('access', 'tool/log')) {
LINE: 635

FILE: admin/language/de-DE/common/column_left.php
CODE: $_['text_backup']
LINE: 17

FILE: admin/language/en-gb/common/column_left.php
CODE: $_['text_backup']
LINE: 9

FILE: admin/language/ru-ru/common/column_left.php
CODE: $_['text_backup']
LINE: 9
----------------------------------------------------------------
MOD: Local copy OCMOD by iSenseLabs

FILE: admin/controller/extension/installer.php
CODE: 'url'  => str_replace('&amp;', '&', $this->url->link('extension/installer/ftp', 'token=' . $this->session->data['token'],
LINE: 131
CODE: public function unzip() {
LINE: 292
----------------------------------------------------------------
MOD: OSWorX - German Translation / Dt. Übersetzung
----------------------------------------------------------------
2017-05-24 15:15:17 - MOD: Modification Default

FILE: system/engine/action.php
REGEX: ~(require|include)(_once)?\(([^)]+)~
LINE: 41

FILE: system/engine/loader.php
REGEX: ~(require|include)(_once)?\(([^)]+)~
LINE: 49
LINE: 108
LINE: 120
LINE: 165

FILE: system/library/config.php
REGEX: ~(require|include)(_once)?\(([^)]+)~
LINE: 23

FILE: system/library/language.php
REGEX: ~(require|include)(_once)?\(([^)]+)~
LINE: 38
LINE: 40
LINE: 49
LINE: 51
LINE: 60
LINE: 62

FILE: system/library/template/php.php
REGEX: ~(require|include)(_once)?\(([^)]+)~
LINE: 18

FILE: system/library/template/tiwg.php
REGEX: ~(require|include)(_once)?\(([^)]+)~
LINE: 24
----------------------------------------------------------------
MOD: <font color="#15C403"><b>Age Verify On startpage</font>

FILE: catalog/view/theme/default/template/common/footer.tpl
CODE: </body>
LINE: 57
----------------------------------------------------------------
MOD: Enable-Disable Products

FILE: admin/view/template/catalog/product_list.tpl
CODE: <div class="pull-right">
LINE: 4
CODE: <?php echo $button_filter; ?></button>
LINE: 107
CODE: <?php echo $footer; ?>
LINE: 309

FILE: admin/controller/catalog/product.php
CODE: $data['delete'] = $this->url->link('catalog/product/delete', 'token=' . $this->session->data['token'] . $url, 'SSL');
NOT FOUND - OPERATION SKIPPED!
CODE: $data['delete'] = $this->url->link('catalog/product/delete', 'token=' . $this->session->data['token'] . $url, true);
LINE: 341
CODE: $data['button_delete'] = $this->language->get('button_delete');
LINE: 433
CODE: public function delete() {
LINE: 357

FILE: admin/model/catalog/product.php
CODE: public function getProduct($product_id) {
LINE: 359

FILE: admin/language/ru-ru/catalog/product.php
CODE: <?php
LINE: 8

FILE: admin/language/en-gb/catalog/product.php
CODE: <?php
LINE: 8
----------------------------------------------------------------
MOD: Export/Import Tool (V3.11) for OpenCart 2.x

FILE: admin/controller/common/column_left.php
CODE: if ($this->user->hasPermission('access', 'tool/log')) {
LINE: 635

FILE: admin/language/de-DE/common/column_left.php
CODE: $_['text_backup']
LINE: 17

FILE: admin/language/en-gb/common/column_left.php
CODE: $_['text_backup']
LINE: 9

FILE: admin/language/ru-ru/common/column_left.php
CODE: $_['text_backup']
LINE: 9
----------------------------------------------------------------
MOD: Local copy OCMOD by iSenseLabs

FILE: admin/controller/extension/installer.php
CODE: 'url'  => str_replace('&amp;', '&', $this->url->link('extension/installer/ftp', 'token=' . $this->session->data['token'],
LINE: 131
CODE: public function unzip() {
LINE: 292
----------------------------------------------------------------
MOD: OSWorX - German Translation / Dt. Übersetzung
----------------------------------------------------------------
2017-05-24 15:15:27 - MOD: Modification Default

FILE: system/engine/action.php
REGEX: ~(require|include)(_once)?\(([^)]+)~
LINE: 41

FILE: system/engine/loader.php
REGEX: ~(require|include)(_once)?\(([^)]+)~
LINE: 49
LINE: 108
LINE: 120
LINE: 165

FILE: system/library/config.php
REGEX: ~(require|include)(_once)?\(([^)]+)~
LINE: 23

FILE: system/library/language.php
REGEX: ~(require|include)(_once)?\(([^)]+)~
LINE: 38
LINE: 40
LINE: 49
LINE: 51
LINE: 60
LINE: 62

FILE: system/library/template/php.php
REGEX: ~(require|include)(_once)?\(([^)]+)~
LINE: 18

FILE: system/library/template/tiwg.php
REGEX: ~(require|include)(_once)?\(([^)]+)~
LINE: 24
----------------------------------------------------------------
MOD: <font color="#15C403"><b>Age Verify On startpage</font>

FILE: catalog/view/theme/default/template/common/footer.tpl
CODE: </body>
LINE: 57
----------------------------------------------------------------
MOD: Enable-Disable Products

FILE: admin/view/template/catalog/product_list.tpl
CODE: <div class="pull-right">
LINE: 4
CODE: <?php echo $button_filter; ?></button>
LINE: 107
CODE: <?php echo $footer; ?>
LINE: 309

FILE: admin/controller/catalog/product.php
CODE: $data['delete'] = $this->url->link('catalog/product/delete', 'token=' . $this->session->data['token'] . $url, 'SSL');
NOT FOUND - OPERATION SKIPPED!
CODE: $data['delete'] = $this->url->link('catalog/product/delete', 'token=' . $this->session->data['token'] . $url, true);
LINE: 341
CODE: $data['button_delete'] = $this->language->get('button_delete');
LINE: 433
CODE: public function delete() {
LINE: 357

FILE: admin/model/catalog/product.php
CODE: public function getProduct($product_id) {
LINE: 359

FILE: admin/language/ru-ru/catalog/product.php
CODE: <?php
LINE: 8

FILE: admin/language/en-gb/catalog/product.php
CODE: <?php
LINE: 8
----------------------------------------------------------------
MOD: Export/Import Tool (V3.11) for OpenCart 2.x

FILE: admin/controller/common/column_left.php
CODE: if ($this->user->hasPermission('access', 'tool/log')) {
LINE: 635

FILE: admin/language/de-DE/common/column_left.php
CODE: $_['text_backup']
LINE: 17

FILE: admin/language/en-gb/common/column_left.php
CODE: $_['text_backup']
LINE: 9

FILE: admin/language/ru-ru/common/column_left.php
CODE: $_['text_backup']
LINE: 9
----------------------------------------------------------------
MOD: Local copy OCMOD by iSenseLabs

FILE: admin/controller/extension/installer.php
CODE: 'url'  => str_replace('&amp;', '&', $this->url->link('extension/installer/ftp', 'token=' . $this->session->data['token'],
LINE: 131
CODE: public function unzip() {
LINE: 292
----------------------------------------------------------------
MOD: OSWorX - German Translation / Dt. Übersetzung
----------------------------------------------------------------
